<?xml version="1.0" encoding="UTF-8"?>
<!-- Generated by org.testng.reporters.JUnitXMLReporter -->
<testsuite ignored="0" hostname="DESKTOP-6CO0R1H" failures="1" tests="6" name="Testfirefox" time="280.573" errors="0" timestamp="2022-11-02T15:18:49 IST">
  <testcase classname="com.POMFlipkartProj2.FShippingDetails" name="fshipDetails" time="0.695">
    <failure type="org.openqa.selenium.NoAlertPresentException" message="Build info: version: &amp;apos;4.4.0&amp;apos;, revision: &amp;apos;e5c75ed026a&amp;apos;
System info: host: &amp;apos;DESKTOP-6CO0R1H&amp;apos;, ip: &amp;apos;192.168.1.6&amp;apos;, os.name: &amp;apos;Windows 11&amp;apos;, os.arch: &amp;apos;amd64&amp;apos;, os.version: &amp;apos;10.0&amp;apos;, java.version: &amp;apos;18.0.2.1&amp;apos;
Driver info: org.openqa.selenium.firefox.FirefoxDriver
Command: [fe61ffef-303c-4ce0-bcad-85e84dbfdba0, getAlertText {}]
Capabilities {acceptInsecureCerts: true, browserName: firefox, browserVersion: 106.0.3, moz:accessibilityChecks: false, moz:buildID: 20221030091646, moz:debuggerAddress: 127.0.0.1:64857, moz:geckodriverVersion: 0.31.0, moz:headless: false, moz:platformVersion: 10.0, moz:processID: 23580, moz:profile: C:\Users\WELCOME\AppData\Lo..., moz:shutdownTimeout: 60000, moz:useNonSpecCompliantPointerOrigin: false, moz:webdriverClick: true, moz:windowless: false, pageLoadStrategy: normal, platformName: WINDOWS, proxy: Proxy(), se:cdp: ws://127.0.0.1:64857/devtoo..., se:cdpVersion: 85.0, setWindowRect: true, strictFileInteractability: false, timeouts: {implicit: 0, pageLoad: 300000, script: 30000}, unhandledPromptBehavior: dismiss and notify}
Session ID: fe61ffef-303c-4ce0-bcad-85e84dbfdba0">
      <![CDATA[org.openqa.selenium.NoAlertPresentException: Build info: version: '4.4.0', revision: 'e5c75ed026a'
System info: host: 'DESKTOP-6CO0R1H', ip: '192.168.1.6', os.name: 'Windows 11', os.arch: 'amd64', os.version: '10.0', java.version: '18.0.2.1'
Driver info: org.openqa.selenium.firefox.FirefoxDriver
Command: [fe61ffef-303c-4ce0-bcad-85e84dbfdba0, getAlertText {}]
Capabilities {acceptInsecureCerts: true, browserName: firefox, browserVersion: 106.0.3, moz:accessibilityChecks: false, moz:buildID: 20221030091646, moz:debuggerAddress: 127.0.0.1:64857, moz:geckodriverVersion: 0.31.0, moz:headless: false, moz:platformVersion: 10.0, moz:processID: 23580, moz:profile: C:\Users\WELCOME\AppData\Lo..., moz:shutdownTimeout: 60000, moz:useNonSpecCompliantPointerOrigin: false, moz:webdriverClick: true, moz:windowless: false, pageLoadStrategy: normal, platformName: WINDOWS, proxy: Proxy(), se:cdp: ws://127.0.0.1:64857/devtoo..., se:cdpVersion: 85.0, setWindowRect: true, strictFileInteractability: false, timeouts: {implicit: 0, pageLoad: 300000, script: 30000}, unhandledPromptBehavior: dismiss and notify}
Session ID: fe61ffef-303c-4ce0-bcad-85e84dbfdba0
at org.openqa.selenium.remote.codec.w3c.W3CHttpResponseCodec.createException(W3CHttpResponseCodec.java:200)
at org.openqa.selenium.remote.codec.w3c.W3CHttpResponseCodec.decode(W3CHttpResponseCodec.java:133)
at org.openqa.selenium.remote.codec.w3c.W3CHttpResponseCodec.decode(W3CHttpResponseCodec.java:53)
at org.openqa.selenium.remote.HttpCommandExecutor.execute(HttpCommandExecutor.java:184)
at org.openqa.selenium.remote.service.DriverCommandExecutor.invokeExecute(DriverCommandExecutor.java:167)
at org.openqa.selenium.remote.service.DriverCommandExecutor.execute(DriverCommandExecutor.java:142)
at org.openqa.selenium.remote.RemoteWebDriver.execute(RemoteWebDriver.java:547)
at org.openqa.selenium.remote.RemoteWebDriver.execute(RemoteWebDriver.java:602)
at org.openqa.selenium.remote.RemoteWebDriver.execute(RemoteWebDriver.java:606)
at org.openqa.selenium.remote.RemoteWebDriver$RemoteTargetLocator.alert(RemoteWebDriver.java:1128)
at com.POMFlipkartProj2.FShippingDetails.fshipDetails(FShippingDetails.java:36)
at java.base/java.util.ArrayList.forEach(ArrayList.java:1511)
... Removed 28 stack frames]]>
    </failure>
  </testcase> <!-- fshipDetails -->
  <testcase classname="com.POMFlipkartProj2.FloginPage" name="setup" time="27.122"/>
  <testcase classname="com.POMFlipkartProj2.FSearchPrdPage" name="fsearch" time="23.778"/>
  <testcase classname="com.POMFlipkartProj2.FAddtoCartPage" name="fAdd2Cart" time="10.95"/>
  <testcase classname="com.POMFlipkartProj2.FAddtoCartPage" name="scrreenshot" time="0.377"/>
  <testcase classname="com.POMFlipkartProj2.FShippingDetails" name="fplaceOrder" time="19.557"/>
</testsuite> <!-- Testfirefox -->
