<?xml version="1.0" encoding="UTF-8"?>
<testng-results ignored="0" total="2" passed="2" failed="0" skipped="0">
  <reporter-output>
  </reporter-output>
  <suite started-at="2022-11-02T15:59:14 IST" name="Default suite" finished-at="2022-11-02T16:01:19 IST" duration-ms="125315">
    <groups>
    </groups>
    <test started-at="2022-11-02T15:59:14 IST" name="Default test" finished-at="2022-11-02T16:01:19 IST" duration-ms="125315">
      <class name="modProblem1.FlipkartMainclass">
        <test-method is-config="true" signature="flipkartsetup()[pri:0, instance:modProblem1.FlipkartMainclass@294425a7]" started-at="2022-11-02T15:59:14 IST" name="flipkartsetup" finished-at="2022-11-02T16:00:13 IST" duration-ms="59583" status="PASS">
          <reporter-output>
          </reporter-output>
        </test-method> <!-- flipkartsetup -->
        <test-method signature="perform_action()[pri:1, instance:modProblem1.FlipkartMainclass@294425a7]" started-at="2022-11-02T16:00:14 IST" name="perform_action" finished-at="2022-11-02T16:00:22 IST" duration-ms="8078" status="PASS">
          <reporter-output>
          </reporter-output>
        </test-method> <!-- perform_action -->
        <test-method signature="getDetailsExcel()[pri:2, instance:modProblem1.FlipkartMainclass@294425a7]" started-at="2022-11-02T16:00:22 IST" name="getDetailsExcel" finished-at="2022-11-02T16:01:07 IST" duration-ms="45004" status="PASS">
          <reporter-output>
          </reporter-output>
        </test-method> <!-- getDetailsExcel -->
        <test-method is-config="true" signature="tearDown()[pri:0, instance:modProblem1.FlipkartMainclass@294425a7]" started-at="2022-11-02T16:01:07 IST" name="tearDown" finished-at="2022-11-02T16:01:19 IST" duration-ms="11912" status="PASS">
          <reporter-output>
          </reporter-output>
        </test-method> <!-- tearDown -->
      </class> <!-- modProblem1.FlipkartMainclass -->
    </test> <!-- Default test -->
  </suite> <!-- Default suite -->
</testng-results>
